<?xml version="1.0" encoding="UTF-8"?>
<!-- Generated by org.testng.reporters.JUnitReportReporter -->
<testsuite hostname="DESKTOP-6D21JBR" failures="0" tests="2" name="com.simplilearn.FacebookLoginTest" time="12.594" errors="0" timestamp="2022-03-21T12:39:29 IST" skipped="0">
  <testcase classname="com.simplilearn.FacebookLoginTest" name="launchFacebook" time="9.416"/>
  <system-out/>
  <testcase classname="com.simplilearn.FacebookLoginTest" name="login" time="3.178"/>
  <system-out/>
</testsuite> <!-- com.simplilearn.FacebookLoginTest -->
