<?xml version="1.0" encoding="UTF-8"?>
<!-- Generated by org.testng.reporters.JUnitReportReporter -->
<testsuite hostname="DESKTOP-6D21JBR" failures="0" tests="4" name="com.simplilearn.automatethewebapplication.TestNGTestingWebApp" time="125.416" errors="0" timestamp="2022-04-04T13:30:20 IST" skipped="0">
  <testcase classname="com.simplilearn.automatethewebapplication.TestNGTestingWebApp" name="launchAma" time="47.893"/>
  <system-out/>
  <testcase classname="com.simplilearn.automatethewebapplication.TestNGTestingWebApp" name="testTitle" time="0.005"/>
  <system-out/>
  <testcase classname="com.simplilearn.automatethewebapplication.TestNGTestingWebApp" name="login" time="36.412"/>
  <system-out/>
  <testcase classname="com.simplilearn.automatethewebapplication.TestNGTestingWebApp" name="addToCart" time="41.106"/>
  <system-out/>
</testsuite> <!-- com.simplilearn.automatethewebapplication.TestNGTestingWebApp -->
