<?xml version="1.0" encoding="UTF-8"?>
<!-- Generated by org.testng.reporters.JUnitReportReporter -->
<testsuite hostname="DESKTOP-6D21JBR" failures="0" tests="1" name="com.simplilearn.test.TestNg1" time="0.031" errors="0" timestamp="2022-03-19T15:12:35 IST" skipped="0">
  <testcase classname="com.simplilearn.test.TestNg1" name="testTrue" time="0.031"/>
  <system-out/>
</testsuite> <!-- com.simplilearn.test.TestNg1 -->
