<?xml version="1.0" encoding="UTF-8"?>
<!-- Generated by org.testng.reporters.JUnitReportReporter -->
<testsuite hostname="DESKTOP-6D21JBR" failures="0" tests="2" name="com.simplilearn.test.SimpleTestNg" time="0.014" errors="0" timestamp="2022-03-19T14:02:30 IST" skipped="0">
  <testcase classname="com.simplilearn.test.SimpleTestNg" name="method2" time="0.003"/>
  <system-out/>
  <testcase classname="com.simplilearn.test.SimpleTestNg" name="method1" time="0.011"/>
  <system-out/>
</testsuite> <!-- com.simplilearn.test.SimpleTestNg -->
