<?xml version="1.0" encoding="UTF-8"?>
<!-- Generated by org.testng.reporters.JUnitReportReporter -->
<testsuite hostname="DESKTOP-6D21JBR" failures="0" tests="2" name="com.simplilearn.test.firstest" time="0.021" errors="0" timestamp="2022-03-19T13:37:03 IST" skipped="0">
  <testcase classname="com.simplilearn.test.firstest" name="testOne" time="0.013"/>
  <system-out/>
  <testcase classname="com.simplilearn.test.firstest" name="testTwo" time="0.008"/>
  <system-out/>
</testsuite> <!-- com.simplilearn.test.firstest -->
