<?xml version="1.0" encoding="UTF-8"?>
<!-- Generated by org.testng.reporters.JUnitReportReporter -->
<testsuite hostname="DESKTOP-6D21JBR" failures="0" tests="2" name="com.simplilearn.test.FacebookTest" time="22.276" errors="0" timestamp="2022-03-17T12:00:39 IST" skipped="0">
  <testcase classname="com.simplilearn.test.FacebookTest" name="login" time="3.801"/>
  <system-out/>
  <testcase classname="com.simplilearn.test.FacebookTest" name="launchFacebook" time="18.475"/>
  <system-out/>
</testsuite> <!-- com.simplilearn.test.FacebookTest -->
