<?xml version="1.0" encoding="UTF-8"?>
<!-- Generated by org.testng.reporters.JUnitReportReporter -->
<testsuite hostname="DESKTOP-6D21JBR" failures="0" tests="2" name="com.simplilearn.test.AssersionsDemo" time="47.685" errors="0" timestamp="2022-03-19T15:10:46 IST" skipped="0">
  <testcase classname="com.simplilearn.test.AssersionsDemo" name="titleTest" time="20.791"/>
  <system-out/>
  <testcase classname="com.simplilearn.test.AssersionsDemo" name="login" time="26.894"/>
  <system-out/>
</testsuite> <!-- com.simplilearn.test.AssersionsDemo -->
