<?xml version="1.0" encoding="UTF-8"?>
<!-- Generated by org.testng.reporters.JUnitReportReporter -->
<testsuite hostname="DESKTOP-6D21JBR" failures="0" tests="2" name="com.simplilearn.FacebookTest" time="69.447" errors="0" timestamp="2022-03-19T20:05:33 IST" skipped="0">
  <testcase classname="com.simplilearn.FacebookTest" name="titleTest" time="4.970"/>
  <system-out/>
  <testcase classname="com.simplilearn.FacebookTest" name="launchFB" time="64.477"/>
  <system-out/>
</testsuite> <!-- com.simplilearn.FacebookTest -->
